2018-07-30 19:22:38,959 main 
2018-07-30 19:22:38,959 main -------------------------------------------------------------------
2018-07-30 19:22:39,060 main [Bootstrapper] createLauncher
2018-07-30 19:22:39,061 main [Bootstrapper] validate files
2018-07-30 19:22:39,210 main [Bootstrapper] end validated files
2018-07-30 19:22:39,210 main [Bootstrapper] Starting launcher...
2018-07-30 19:22:39,314 Thread-2 > [TLAUNCHER][STATIC] initialize inner config
2018-07-30 19:22:39,435 Thread-2 > [Loading] INITALIZING
2018-07-30 19:22:40,032 Thread-2 > Starting TLauncher 2.43
2018-07-30 19:22:40,032 Thread-2 > For more information, visit https://tlauncher.org/
2018-07-30 19:22:40,039 Thread-2 > Machine info: Windows 10 10.0, Java 1.8.0_181 ,jvm bit=x64, 6005 MB RAM
2018-07-30 19:22:40,040 Thread-2 > Startup time: 30.07.2018 19:22:40
2018-07-30 19:22:40,040 Thread-2 > ---
2018-07-30 19:22:40,150 Thread-2 > [Loading] LOADING_CONFIGURATION
2018-07-30 19:22:40,151 Thread-2 > Loading configuration from file: C:\Users\DrCreeper\AppData\Roaming\.tlauncher\tlauncher-2.0.properties
2018-07-30 19:22:40,156 Thread-2 > [Configuration] Constant values: {}
2018-07-30 19:22:40,208 Thread-2 > Selected locale: ru_RU
2018-07-30 19:22:40,242 Thread-2 > [Loading] LOADING_CONSOLE
2018-07-30 19:22:40,553 Thread-2 > [Swing] Favicons loaded: 256px, 128px, 96px, 64px, 48px, 32px, 24px, 16px
2018-07-30 19:22:40,803 Thread-2 > 
2018-07-30 19:22:40,811 Thread-2 > [Downloader2] Loaded configuration: good
2018-07-30 19:22:40,932 Thread-2 > [Updater] Requesting an update...
2018-07-30 19:22:40,934 Thread-2 > [Updater] Requesting from: http://repo.tlauncher.org/update/lch/update_2.0.json
2018-07-30 19:22:40,935 Thread-2 > [Updater] Making request: http://repo.tlauncher.org/update/lch/update_2.0.json?version=2.43&client=ae78c8d3-0b1b-42ce-9d08-273e819ac135
2018-07-30 19:22:41,058 Thread-2 > [Updater] Request time: 123 ms
2018-07-30 19:22:41,061 Thread-2 > [Updater] Successfully requested from: http://repo.tlauncher.org/update/lch/update_2.0.json
2018-07-30 19:22:41,095 Thread-2 > [Browser] Loading resources...
2018-07-30 19:22:41,241 Thread-2 > [Browser] Loading background...
2018-07-30 19:22:41,353 Thread-2 > [Browser] Cleaning up after loading:
2018-07-30 19:22:41,354 Thread-2 > Starting garbage collector: 42 / 87 MB
2018-07-30 19:22:41,417 Thread-2 > Garbage collector completed: 14 / 108 MB
2018-07-30 19:22:41,419 Thread-2 > [Loading] LOADING_MANAGERS
2018-07-30 19:22:41,424 Thread-2 > [JFXStartPageLoader]  start load page: http://page.tlauncher.org/update/downloads/configs/client/index.html
2018-07-30 19:22:41,426 Thread-2 > [LocalVersionList] Base directory: C:\Programs\Minecraft
2018-07-30 19:22:41,445 Thread-2 > [Browser] Running in JavaFX Thread
2018-07-30 19:22:41,445 Thread-2 > [Browser] Preparing JavaFX...
2018-07-30 19:22:41,446 Thread-2 > [ProfileManager] Refreshing profiles from: C:\Programs\Minecraft\TlauncherProfiles.json
2018-07-30 19:22:41,450 Thread-2 > [TLauncherManager] Refresh allowed: true
2018-07-30 19:22:41,451 Thread-2 > [TLauncherManager] Refreshing TLauncher...
2018-07-30 19:22:41,452 Thread-2 > [AdvertisingStatusObserver]  started to get ad information
2018-07-30 19:22:41,453 Thread-2 > [AdvertisingStatusObserver]  finished to get add information
2018-07-30 19:22:41,455 Thread-2 > [GsonUtil]  request to http://repo.tlauncher.org/update/downloads/libraries/org/tlauncher/authlib/libraries-1.0.json
2018-07-30 19:22:41,460 Thread-2 > [GsonUtil]  request to http://repo.tlauncher.org/update/lch/servers/servers_info.xml
2018-07-30 19:22:41,512 Thread-2 > [Browser] Initializing...
2018-07-30 19:22:41,522 Thread-2 > [TLauncherManager] Refreshed successfully!
2018-07-30 19:22:42,022 Thread-2 > [Loading] LOADING_WINDOW
2018-07-30 19:22:42,067 Thread-2 > [Loading] PREPARING_MAINPANE
2018-07-30 19:22:42,110 Thread-2 > [JFXStartPageLoader]  succeeded load page: http://page.tlauncher.org/update/downloads/configs/client/index.html during 0
2018-07-30 19:22:42,110 Thread-2 > [Browser@1555028490] Loaded successfully: "http://page.tlauncher.org/update/downloads/configs/client/index.html"
2018-07-30 19:22:42,209 Thread-2 > [Browser] add listens into server_choose
2018-07-30 19:22:42,519 Thread-2 > [VersionManager] Refreshing versions remotely...
2018-07-30 19:22:42,550 Thread-2 > [REPO][OFFICIAL_VERSION_REPO] Selecting relevant path...
2018-07-30 19:22:42,551 Thread-2 > [REPO][OFFICIAL_VERSION_REPO] Attempt #1; timeout: 5000 ms; url: https://launchermeta.mojang.com/mc/game/
2018-07-30 19:22:42,552 Thread-2 > [REPO][EXTRA_VERSION_REPO] Selecting relevant path...
2018-07-30 19:22:42,553 Thread-2 > [Downloader2] Loaded configuration: good
2018-07-30 19:22:42,554 Thread-2 > [REPO][EXTRA_VERSION_REPO] Attempt #1; timeout: 5000 ms; url: http://repo.tlauncher.org/update/downloads/versions/new2/
2018-07-30 19:22:42,556 Thread-2 > [REPO][SKIN_VERSION_REPO] Selecting relevant path...
2018-07-30 19:22:42,559 Thread-2 > [REPO][SKIN_VERSION_REPO] Attempt #1; timeout: 5000 ms; url: http://repo.tlauncher.org/update/downloads/versions/new2/skin/versions/
2018-07-30 19:22:42,606 Thread-2 > [REPO][SKIN_VERSION_REPO] Success: Reached the repo in 44 ms.
2018-07-30 19:22:42,617 Thread-2 > [SkinVersionList] Got in 60 ms
2018-07-30 19:22:42,644 Thread-2 > [REPO][EXTRA_VERSION_REPO] Success: Reached the repo in 88 ms.
2018-07-30 19:22:42,682 Thread-2 > [ExtraVersionList] Got in 131 ms
2018-07-30 19:22:43,148 Thread-2 > [REPO][OFFICIAL_VERSION_REPO] Success: Reached the repo in 597 ms.
2018-07-30 19:22:43,190 Thread-2 > [OfficialVersionList] Got in 639 ms
2018-07-30 19:22:43,192 Thread-2 > [VersionManager] Versions has been refreshed (672 ms)
2018-07-30 19:22:43,730 Thread-2 > [Loading] POSTINIT_GUI
2018-07-30 19:22:43,730 Thread-2 > [Frame] Packing main frame...
2018-07-30 19:22:43,775 Thread-2 > [Frame] Resizing main pane...
2018-07-30 19:22:43,776 Thread-2 > Updater is already closed. Showing up...
2018-07-30 19:22:43,777 Thread-2 > Visibility set.
2018-07-30 19:22:43,777 Thread-2 > [Loading] REFRESHING_INFO
2018-07-30 19:22:43,779 Thread-2 > [VersionManager] Refreshing versions remotely...
2018-07-30 19:22:43,780 Thread-2 > Started! (3630 ms.)
2018-07-30 19:22:43,780 Thread-2 > [Loading] SUCCESS
2018-07-30 19:22:43,781 Thread-2 [Bootstrapper] I can be terminated now.
2018-08-01 01:44:23,786 main 
2018-08-01 01:44:23,786 main -------------------------------------------------------------------
2018-08-01 01:44:23,887 main [Bootstrapper] createLauncher
2018-08-01 01:44:23,888 main [Bootstrapper] validate files
2018-08-01 01:44:24,025 main [Bootstrapper] end validated files
2018-08-01 01:44:24,026 main [Bootstrapper] Starting launcher...
2018-08-01 01:44:24,133 Thread-2 > [TLAUNCHER][STATIC] initialize inner config
2018-08-01 01:44:24,251 Thread-2 > [Loading] INITALIZING
2018-08-01 01:44:24,841 Thread-2 > Starting TLauncher 2.43
2018-08-01 01:44:24,841 Thread-2 > For more information, visit https://tlauncher.org/
2018-08-01 01:44:24,845 Thread-2 > Machine info: Windows 10 10.0, Java 1.8.0_181 ,jvm bit=x64, 6005 MB RAM
2018-08-01 01:44:24,846 Thread-2 > Startup time: 01.08.2018 1:44:24
2018-08-01 01:44:24,846 Thread-2 > ---
2018-08-01 01:44:24,959 Thread-2 > [Loading] LOADING_CONFIGURATION
2018-08-01 01:44:24,960 Thread-2 > Loading configuration from file: C:\Users\DrCreeper\AppData\Roaming\.tlauncher\tlauncher-2.0.properties
2018-08-01 01:44:24,965 Thread-2 > [Configuration] Constant values: {}
2018-08-01 01:44:24,992 Thread-2 > Selected locale: ru_RU
2018-08-01 01:44:25,056 Thread-2 > [Loading] LOADING_CONSOLE
2018-08-01 01:44:25,381 Thread-2 > [Swing] Favicons loaded: 256px, 128px, 96px, 64px, 48px, 32px, 24px, 16px
2018-08-01 01:44:25,628 Thread-2 > 
2018-08-01 01:44:25,639 Thread-2 > [Downloader2] Loaded configuration: good
2018-08-01 01:44:25,776 Thread-2 > [Updater] Requesting an update...
2018-08-01 01:44:25,780 Thread-2 > [Updater] Requesting from: http://repo.tlauncher.org/update/lch/update_2.0.json
2018-08-01 01:44:25,781 Thread-2 > [Updater] Making request: http://repo.tlauncher.org/update/lch/update_2.0.json?version=2.43&client=ae78c8d3-0b1b-42ce-9d08-273e819ac135
2018-08-01 01:44:25,895 Thread-2 > [Updater] Request time: 117 ms
2018-08-01 01:44:25,896 Thread-2 > [Updater] Successfully requested from: http://repo.tlauncher.org/update/lch/update_2.0.json
2018-08-01 01:44:25,909 Thread-2 > [Browser] Loading resources...
2018-08-01 01:44:26,068 Thread-2 > [Browser] Loading background...
2018-08-01 01:44:26,179 Thread-2 > [JFXStartPageLoader]  start load page: http://page.tlauncher.org/update/downloads/configs/client/index.html
2018-08-01 01:44:26,182 Thread-2 > [Browser] Cleaning up after loading:
2018-08-01 01:44:26,182 Thread-2 > Starting garbage collector: 40 / 87 MB
2018-08-01 01:44:26,244 Thread-2 > Garbage collector completed: 14 / 109 MB
2018-08-01 01:44:26,246 Thread-2 > [Loading] LOADING_MANAGERS
2018-08-01 01:44:26,257 Thread-2 > [LocalVersionList] Base directory: C:\Programs\Minecraft
2018-08-01 01:44:26,262 Thread-2 > [Browser] Running in JavaFX Thread
2018-08-01 01:44:26,262 Thread-2 > [Browser] Preparing JavaFX...
2018-08-01 01:44:26,272 Thread-2 > [ProfileManager] Refreshing profiles from: C:\Programs\Minecraft\TlauncherProfiles.json
2018-08-01 01:44:26,275 Thread-2 > [TLauncherManager] Refresh allowed: true
2018-08-01 01:44:26,275 Thread-2 > [TLauncherManager] Refreshing TLauncher...
2018-08-01 01:44:26,276 Thread-2 > [AdvertisingStatusObserver]  started to get ad information
2018-08-01 01:44:26,276 Thread-2 > [AdvertisingStatusObserver]  finished to get add information
2018-08-01 01:44:26,280 Thread-2 > [GsonUtil]  request to http://repo.tlauncher.org/update/downloads/libraries/org/tlauncher/authlib/libraries-1.0.json
2018-08-01 01:44:26,283 Thread-2 > [GsonUtil]  request to http://repo.tlauncher.org/update/lch/servers/servers_info.xml
2018-08-01 01:44:26,328 Thread-2 > [Browser] Initializing...
2018-08-01 01:44:26,348 Thread-2 > [TLauncherManager] Refreshed successfully!
2018-08-01 01:44:26,802 Thread-2 > [Loading] LOADING_WINDOW
2018-08-01 01:44:26,876 Thread-2 > [Loading] PREPARING_MAINPANE
2018-08-01 01:44:26,966 Thread-2 > [JFXStartPageLoader]  succeeded load page: http://page.tlauncher.org/update/downloads/configs/client/index.html during 0
2018-08-01 01:44:26,966 Thread-2 > [Browser@1450653726] Loaded successfully: "http://page.tlauncher.org/update/downloads/configs/client/index.html"
2018-08-01 01:44:27,064 Thread-2 > [Browser] add listens into server_choose
2018-08-01 01:44:27,340 Thread-2 > [VersionManager] Refreshing versions remotely...
2018-08-01 01:44:27,355 Thread-2 > [Downloader2] Loaded configuration: good
2018-08-01 01:44:27,369 Thread-2 > [REPO][SKIN_VERSION_REPO] Selecting relevant path...
2018-08-01 01:44:27,370 Thread-2 > [REPO][SKIN_VERSION_REPO] Attempt #1; timeout: 5000 ms; url: http://repo.tlauncher.org/update/downloads/versions/new2/skin/versions/
2018-08-01 01:44:27,371 Thread-2 > [REPO][OFFICIAL_VERSION_REPO] Selecting relevant path...
2018-08-01 01:44:27,372 Thread-2 > [REPO][OFFICIAL_VERSION_REPO] Attempt #1; timeout: 5000 ms; url: https://launchermeta.mojang.com/mc/game/
2018-08-01 01:44:27,376 Thread-2 > [REPO][EXTRA_VERSION_REPO] Selecting relevant path...
2018-08-01 01:44:27,377 Thread-2 > [REPO][EXTRA_VERSION_REPO] Attempt #1; timeout: 5000 ms; url: http://repo.tlauncher.org/update/downloads/versions/new2/
2018-08-01 01:44:27,413 Thread-2 > [REPO][SKIN_VERSION_REPO] Success: Reached the repo in 42 ms.
2018-08-01 01:44:27,427 Thread-2 > [SkinVersionList] Got in 57 ms
2018-08-01 01:44:27,458 Thread-2 > [REPO][EXTRA_VERSION_REPO] Success: Reached the repo in 80 ms.
2018-08-01 01:44:27,488 Thread-2 > [ExtraVersionList] Got in 119 ms
2018-08-01 01:44:27,930 Thread-2 > [REPO][OFFICIAL_VERSION_REPO] Success: Reached the repo in 557 ms.
2018-08-01 01:44:27,979 Thread-2 > [OfficialVersionList] Got in 610 ms
2018-08-01 01:44:27,982 Thread-2 > [VersionManager] Versions has been refreshed (641 ms)
2018-08-01 01:44:28,552 Thread-2 > [Loading] POSTINIT_GUI
2018-08-01 01:44:28,552 Thread-2 > [Frame] Packing main frame...
2018-08-01 01:44:28,600 Thread-2 > [Frame] Resizing main pane...
2018-08-01 01:44:28,600 Thread-2 > Updater is already closed. Showing up...
2018-08-01 01:44:28,601 Thread-2 > Visibility set.
2018-08-01 01:44:28,601 Thread-2 > [Loading] REFRESHING_INFO
2018-08-01 01:44:28,602 Thread-2 > [VersionManager] Refreshing versions remotely...
2018-08-01 01:44:28,604 Thread-2 > [ServerListManager] Refreshing servers...
2018-08-01 01:44:28,605 Thread-2 > Started! (3645 ms.)
2018-08-01 01:44:28,607 Thread-2 > [Loading] SUCCESS
2018-08-01 01:44:28,607 Thread-2 [Bootstrapper] I can be terminated now.
2018-08-02 15:52:45,930 main 
2018-08-02 15:52:45,931 main -------------------------------------------------------------------
2018-08-02 15:52:46,150 main [Bootstrapper] createLauncher
2018-08-02 15:52:46,151 main [Bootstrapper] validate files
2018-08-02 15:52:46,419 main [Bootstrapper] end validated files
2018-08-02 15:52:46,419 main [Bootstrapper] Starting launcher...
2018-08-02 15:52:46,576 Thread-2 > [TLAUNCHER][STATIC] initialize inner config
2018-08-02 15:52:46,754 Thread-2 > [Loading] INITALIZING
2018-08-02 15:52:47,829 Thread-2 > Starting TLauncher 2.43
2018-08-02 15:52:47,829 Thread-2 > For more information, visit https://tlauncher.org/
2018-08-02 15:52:47,839 Thread-2 > Machine info: Windows 10 10.0, Java 1.8.0_181 ,jvm bit=x64, 6005 MB RAM
2018-08-02 15:52:47,839 Thread-2 > Startup time: 02.08.2018 15:52:47
2018-08-02 15:52:47,840 Thread-2 > ---
2018-08-02 15:52:47,960 Thread-2 > [Loading] LOADING_CONFIGURATION
2018-08-02 15:52:47,963 Thread-2 > Loading configuration from file: C:\Users\DrCreeper\AppData\Roaming\.tlauncher\tlauncher-2.0.properties
2018-08-02 15:52:47,967 Thread-2 > [Configuration] Constant values: {}
2018-08-02 15:52:47,999 Thread-2 > Selected locale: ru_RU
2018-08-02 15:52:48,057 Thread-2 > [Loading] LOADING_CONSOLE
2018-08-02 15:52:48,579 Thread-2 > [Swing] Favicons loaded: 256px, 128px, 96px, 64px, 48px, 32px, 24px, 16px
2018-08-02 15:52:48,843 Thread-2 > 
2018-08-02 15:52:48,855 Thread-2 > [Downloader2] Loaded configuration: good
2018-08-02 15:52:48,980 Thread-2 > [Updater] Requesting an update...
2018-08-02 15:52:48,986 Thread-2 > [Updater] Requesting from: http://repo.tlauncher.org/update/lch/update_2.0.json
2018-08-02 15:52:48,988 Thread-2 > [Updater] Making request: http://repo.tlauncher.org/update/lch/update_2.0.json?version=2.43&client=ae78c8d3-0b1b-42ce-9d08-273e819ac135
2018-08-02 15:52:49,119 Thread-2 > [Updater] Request time: 131 ms
2018-08-02 15:52:49,119 Thread-2 > [Updater] Successfully requested from: http://repo.tlauncher.org/update/lch/update_2.0.json
2018-08-02 15:52:49,286 Thread-2 > [Browser] Loading resources...
2018-08-02 15:52:49,471 Thread-2 > [Browser] Loading background...
2018-08-02 15:52:49,576 Thread-2 > [Browser] Cleaning up after loading:
2018-08-02 15:52:49,577 Thread-2 > Starting garbage collector: 32 / 87 MB
2018-08-02 15:52:49,653 Thread-2 > Garbage collector completed: 13 / 109 MB
2018-08-02 15:52:49,657 Thread-2 > [Loading] LOADING_MANAGERS
2018-08-02 15:52:49,672 Thread-2 > [LocalVersionList] Base directory: C:\Programs\Minecraft
2018-08-02 15:52:49,681 Thread-2 > [ProfileManager] Refreshing profiles from: C:\Programs\Minecraft\TlauncherProfiles.json
2018-08-02 15:52:49,685 Thread-2 > [TLauncherManager] Refresh allowed: true
2018-08-02 15:52:49,686 Thread-2 > [TLauncherManager] Refreshing TLauncher...
2018-08-02 15:52:49,688 Thread-2 > [GsonUtil]  request to http://repo.tlauncher.org/update/downloads/libraries/org/tlauncher/authlib/libraries-1.0.json
2018-08-02 15:52:49,689 Thread-2 > [AdvertisingStatusObserver]  started to get ad information
2018-08-02 15:52:49,692 Thread-2 > [AdvertisingStatusObserver]  finished to get add information
2018-08-02 15:52:49,706 Thread-2 > [GsonUtil]  request to http://repo.tlauncher.org/update/lch/servers/servers_info.xml
2018-08-02 15:52:49,747 Thread-2 > [TLauncherManager] Refreshed successfully!
2018-08-02 15:52:49,906 Thread-2 > [JFXStartPageLoader]  start load page: http://page.tlauncher.org/update/downloads/configs/client/index.html
2018-08-02 15:52:49,913 Thread-2 > [Browser] Running in JavaFX Thread
2018-08-02 15:52:49,913 Thread-2 > [Browser] Preparing JavaFX...
2018-08-02 15:52:50,002 Thread-2 > [Browser] Initializing...
2018-08-02 15:52:50,127 Thread-2 > [Loading] LOADING_WINDOW
2018-08-02 15:52:50,211 Thread-2 > [Loading] PREPARING_MAINPANE
2018-08-02 15:52:50,852 Thread-2 > [JFXStartPageLoader]  succeeded load page: http://page.tlauncher.org/update/downloads/configs/client/index.html during 0
2018-08-02 15:52:50,853 Thread-2 > [Browser@1402818754] Loaded successfully: "http://page.tlauncher.org/update/downloads/configs/client/index.html"
2018-08-02 15:52:50,998 Thread-2 > [Browser] add listens into server_choose
2018-08-02 15:52:51,207 Thread-2 > [VersionManager] Refreshing versions remotely...
2018-08-02 15:52:51,240 Thread-2 > [REPO][OFFICIAL_VERSION_REPO] Selecting relevant path...
2018-08-02 15:52:51,242 Thread-2 > [REPO][SKIN_VERSION_REPO] Selecting relevant path...
2018-08-02 15:52:51,242 Thread-2 > [REPO][SKIN_VERSION_REPO] Attempt #1; timeout: 5000 ms; url: http://repo.tlauncher.org/update/downloads/versions/new2/skin/versions/
2018-08-02 15:52:51,242 Thread-2 > [REPO][EXTRA_VERSION_REPO] Selecting relevant path...
2018-08-02 15:52:51,242 Thread-2 > [REPO][EXTRA_VERSION_REPO] Attempt #1; timeout: 5000 ms; url: http://repo.tlauncher.org/update/downloads/versions/new2/
2018-08-02 15:52:51,242 Thread-2 > [REPO][OFFICIAL_VERSION_REPO] Attempt #1; timeout: 5000 ms; url: https://launchermeta.mojang.com/mc/game/
2018-08-02 15:52:51,254 Thread-2 > [Downloader2] Loaded configuration: good
2018-08-02 15:52:51,283 Thread-2 > [REPO][SKIN_VERSION_REPO] Success: Reached the repo in 42 ms.
2018-08-02 15:52:51,308 Thread-2 > [SkinVersionList] Got in 59 ms
2018-08-02 15:52:51,369 Thread-2 > [REPO][EXTRA_VERSION_REPO] Success: Reached the repo in 127 ms.
2018-08-02 15:52:51,407 Thread-2 > [ExtraVersionList] Got in 167 ms
2018-08-02 15:52:52,198 Thread-2 > [REPO][OFFICIAL_VERSION_REPO] Success: Reached the repo in 922 ms.
2018-08-02 15:52:52,224 Thread-2 > [OfficialVersionList] Got in 983 ms
2018-08-02 15:52:52,224 Thread-2 > [VersionManager] Versions has been refreshed (1016 ms)
2018-08-02 15:52:52,738 Thread-2 > [Loading] POSTINIT_GUI
2018-08-02 15:52:52,739 Thread-2 > [Frame] Packing main frame...
2018-08-02 15:52:52,859 Thread-2 > [Frame] Resizing main pane...
2018-08-02 15:52:52,860 Thread-2 > Updater is already closed. Showing up...
2018-08-02 15:52:52,860 Thread-2 > Visibility set.
2018-08-02 15:52:52,860 Thread-2 > [Loading] REFRESHING_INFO
2018-08-02 15:52:52,860 Thread-2 > [VersionManager] Refreshing versions remotely...
2018-08-02 15:52:52,860 Thread-2 > Started! (4899 ms.)
2018-08-02 15:52:52,862 Thread-2 > [Loading] SUCCESS
2018-08-02 15:52:52,863 Thread-2 [Bootstrapper] I can be terminated now.
2018-08-10 19:43:14,875 main 
2018-08-10 19:43:14,878 main -------------------------------------------------------------------
2018-08-10 19:43:15,116 main [Bootstrapper] createLauncher
2018-08-10 19:43:15,117 main [Bootstrapper] validate files
2018-08-10 19:43:15,322 main [Bootstrapper] end validated files
2018-08-10 19:43:15,322 main [Bootstrapper] Starting launcher...
2018-08-10 19:43:15,430 Thread-2 > [TLAUNCHER][STATIC] initialize inner config
2018-08-10 19:43:15,551 Thread-2 > [Loading] INITALIZING
2018-08-10 19:43:16,228 Thread-2 > Starting TLauncher 2.43
2018-08-10 19:43:16,228 Thread-2 > For more information, visit https://tlauncher.org/
2018-08-10 19:43:16,246 Thread-2 > Machine info: Windows 10 10.0, Java 1.8.0_181 ,jvm bit=x64, 6005 MB RAM
2018-08-10 19:43:16,249 Thread-2 > Startup time: 10.08.2018 19:43:16
2018-08-10 19:43:16,249 Thread-2 > ---
2018-08-10 19:43:16,391 Thread-2 > [Loading] LOADING_CONFIGURATION
2018-08-10 19:43:16,391 Thread-2 > Loading configuration from file: C:\Users\DrCreeper\AppData\Roaming\.tlauncher\tlauncher-2.0.properties
2018-08-10 19:43:16,397 Thread-2 > [Configuration] Constant values: {}
2018-08-10 19:43:16,429 Thread-2 > Selected locale: ru_RU
2018-08-10 19:43:16,478 Thread-2 > [Loading] LOADING_CONSOLE
2018-08-10 19:43:16,915 Thread-2 > [Swing] Favicons loaded: 256px, 128px, 96px, 64px, 48px, 32px, 24px, 16px
2018-08-10 19:43:17,177 Thread-2 > 
2018-08-10 19:43:17,188 Thread-2 > [Downloader2] Loaded configuration: good
2018-08-10 19:43:17,315 Thread-2 > [Updater] Requesting an update...
2018-08-10 19:43:17,327 Thread-2 > [Updater] Requesting from: http://repo.tlauncher.org/update/lch/update_2.0.json
2018-08-10 19:43:17,327 Thread-2 > [Updater] Making request: http://repo.tlauncher.org/update/lch/update_2.0.json?version=2.43&client=ae78c8d3-0b1b-42ce-9d08-273e819ac135
2018-08-10 19:43:17,462 Thread-2 > [Updater] Request time: 138 ms
2018-08-10 19:43:17,462 Thread-2 > [Updater] Successfully requested from: http://repo.tlauncher.org/update/lch/update_2.0.json
2018-08-10 19:43:17,558 Thread-2 > [Browser] Loading resources...
2018-08-10 19:43:17,683 Thread-2 > [Browser] Loading background...
2018-08-10 19:43:17,761 Thread-2 > [Browser] Cleaning up after loading:
2018-08-10 19:43:17,761 Thread-2 > Starting garbage collector: 32 / 87 MB
2018-08-10 19:43:17,817 Thread-2 > Garbage collector completed: 13 / 109 MB
2018-08-10 19:43:17,818 Thread-2 > [Loading] LOADING_MANAGERS
2018-08-10 19:43:17,826 Thread-2 > [LocalVersionList] Base directory: C:\Programs\Minecraft
2018-08-10 19:43:17,836 Thread-2 > [ProfileManager] Refreshing profiles from: C:\Programs\Minecraft\TlauncherProfiles.json
2018-08-10 19:43:17,838 Thread-2 > [TLauncherManager] Refresh allowed: true
2018-08-10 19:43:17,839 Thread-2 > [TLauncherManager] Refreshing TLauncher...
2018-08-10 19:43:17,840 Thread-2 > [AdvertisingStatusObserver]  started to get ad information
2018-08-10 19:43:17,840 Thread-2 > [GsonUtil]  request to http://repo.tlauncher.org/update/downloads/libraries/org/tlauncher/authlib/libraries-1.0.json
2018-08-10 19:43:17,841 Thread-2 > [AdvertisingStatusObserver]  finished to get add information
2018-08-10 19:43:17,850 Thread-2 > [GsonUtil]  request to http://repo.tlauncher.org/update/lch/servers/servers_info.xml
2018-08-10 19:43:17,903 Thread-2 > [TLauncherManager] Refreshed successfully!
2018-08-10 19:43:18,007 Thread-2 > [JFXStartPageLoader]  start load page: http://page.tlauncher.org/update/downloads/configs/client/index.html
2018-08-10 19:43:18,013 Thread-2 > [Browser] Running in JavaFX Thread
2018-08-10 19:43:18,013 Thread-2 > [Browser] Preparing JavaFX...
2018-08-10 19:43:18,075 Thread-2 > [Browser] Initializing...
2018-08-10 19:43:18,295 Thread-2 > [Loading] LOADING_WINDOW
2018-08-10 19:43:18,340 Thread-2 > [Loading] PREPARING_MAINPANE
2018-08-10 19:43:18,745 Thread-2 > [VersionManager] Refreshing versions remotely...
2018-08-10 19:43:18,779 Thread-2 > [Downloader2] Loaded configuration: good
2018-08-10 19:43:18,784 Thread-2 > [REPO][OFFICIAL_VERSION_REPO] Selecting relevant path...
2018-08-10 19:43:18,784 Thread-2 > [REPO][OFFICIAL_VERSION_REPO] Attempt #1; timeout: 5000 ms; url: https://launchermeta.mojang.com/mc/game/
2018-08-10 19:43:18,785 Thread-2 > [REPO][EXTRA_VERSION_REPO] Selecting relevant path...
2018-08-10 19:43:18,787 Thread-2 > [REPO][SKIN_VERSION_REPO] Selecting relevant path...
2018-08-10 19:43:18,788 Thread-2 > [REPO][SKIN_VERSION_REPO] Attempt #1; timeout: 5000 ms; url: http://repo.tlauncher.org/update/downloads/versions/new2/skin/versions/
2018-08-10 19:43:18,789 Thread-2 > [REPO][EXTRA_VERSION_REPO] Attempt #1; timeout: 5000 ms; url: http://repo.tlauncher.org/update/downloads/versions/new2/
2018-08-10 19:43:18,834 Thread-2 > [REPO][SKIN_VERSION_REPO] Success: Reached the repo in 46 ms.
2018-08-10 19:43:18,853 Thread-2 > [SkinVersionList] Got in 62 ms
2018-08-10 19:43:18,921 Thread-2 > [REPO][EXTRA_VERSION_REPO] Success: Reached the repo in 95 ms.
2018-08-10 19:43:18,922 Thread-2 > [ExtraVersionList] Got in 130 ms
2018-08-10 19:43:19,412 Thread-2 > [REPO][OFFICIAL_VERSION_REPO] Success: Reached the repo in 597 ms.
2018-08-10 19:43:19,428 Thread-2 > [OfficialVersionList] Got in 644 ms
2018-08-10 19:43:19,429 Thread-2 > [VersionManager] Versions has been refreshed (683 ms)
2018-08-10 19:43:19,770 Thread-2 > [JFXStartPageLoader]  succeeded load page: http://page.tlauncher.org/update/downloads/configs/client/index.html during 1
2018-08-10 19:43:19,772 Thread-2 > [Browser@91721291] Loaded successfully: "http://page.tlauncher.org/update/downloads/configs/client/index.html"
2018-08-10 19:43:19,889 Thread-2 > [Browser] add listens into server_choose
2018-08-10 19:43:20,181 Thread-2 > [Loading] POSTINIT_GUI
2018-08-10 19:43:20,181 Thread-2 > [Frame] Packing main frame...
2018-08-10 19:43:20,237 Thread-2 > [Frame] Resizing main pane...
2018-08-10 19:43:20,240 Thread-2 > Updater is already closed. Showing up...
2018-08-10 19:43:20,240 Thread-2 > Visibility set.
2018-08-10 19:43:20,240 Thread-2 > [Loading] REFRESHING_INFO
2018-08-10 19:43:20,241 Thread-2 > [VersionManager] Refreshing versions remotely...
2018-08-10 19:43:20,244 Thread-2 > [ServerListManager] Refreshing servers...
2018-08-10 19:43:20,244 Thread-2 > [REPO][SERVERLIST_REPO] Selecting relevant path...
2018-08-10 19:43:20,244 Thread-2 > Started! (3852 ms.)
2018-08-10 19:43:20,244 Thread-2 > [REPO][SERVERLIST_REPO] Attempt #1; timeout: 5000 ms; url: http://repo.tlauncher.org/update/downloads/configs/servers.json
2018-08-10 19:43:20,244 Thread-2 > [Loading] SUCCESS
2018-08-10 19:43:20,245 Thread-2 [Bootstrapper] I can be terminated now.
